********************************************************************************
DUPLICATOR-LITE PACKAGE-LOG: 7 December 2020 9h24
NOTICE: Do NOT post to public sites or forums 
********************************************************************************
VERSION:	1.3.40
WORDPRESS:	5.5.3
PHP INFO:	7.4.12 | SAPI: apache2handler
SERVER:		Apache/2.4.46 (Win64) OpenSSL/1.1.1h PHP/7.4.12 
PHP TIME LIMIT: (0) no time limit imposed 
PHP MAX MEMORY: 4294967296 (512M default) 
MEMORY STACK: 14MB

********************************************************************************
DATABASE:
********************************************************************************
BUILD MODE:   MYSQLDUMP
MYSQLTIMEOUT: 5000
MYSQLDUMP:    Is Supported
SQL CREATED: 20201204_marama_b572c46cfa19ed8b8019_20201207092404_database.sql
SQL FILE SIZE: 6.15MB (6444958)
SQL FILE TIME: 2020-12-07 09:24:46
SQL RUNTIME: 16.44 sec.

********************************************************************************
ARCHIVE (ZIP):
********************************************************************************
ARCHIVE DIR:  C:/xampp/htdocs/MyPhpProjects/myWordPressProject
ARCHIVE FILE: 20201204_marama_b572c46cfa19ed8b8019_20201207092404_archive.zip
FILTERS: *OFF*
DIRS:
	not set
FILES:
	not set
EXTS:  not set
----------------------------------------
COMPRESSING
SIZE:	164.27MB
STATS:	Dirs 1,280 | Files 8,418
SQL ADDED: 20201204_marama_b572c46cfa19ed8b8019_20201207092404_database.sql
ZipArchive Object
(
    [status] => 0
    [statusSys] => 0
    [numFiles] => 9698
    [filename] => C:\xampp\htdocs\MyPhpProjects\myWordPressProject\wp-content\backups-dup-lite\tmp\20201204_marama_b572c46cfa19ed8b8019_20201207092404_archive.zip
    [comment] => 
)

FILE ADDED TO ZIP: 9697
COMPRESSION RESULT: '1'
COMPRESSED SIZE: 76.84MB
ARCHIVE RUNTIME: 31.88 sec.
MEMORY STACK: 16MB
building installer
add_extra_files1
add_extra_files2
add_extra_files3
add_extra_files4
Doing archive file check
add_extra_files5
add_extra_files6
add_extra_files8
Successfully opened zip C:/xampp/htdocs/MyPhpProjects/myWordPressProject/wp-content/backups-dup-lite/tmp/20201204_marama_b572c46cfa19ed8b8019_20201207092404_archive.zip
Adding enhanced installer files to archive using ZipArchive
Installer files added to archive
Added to archive
After ziparchive close when adding installer

********************************************************************************
INTEGRITY CHECKS:
********************************************************************************
SQL FILE: 6.15MB
INSTALLER FILE: 61.31KB
ARCHIVE FILE: 78.38MB 
COMPTE ATTENDU DE FICHIERS/RÉPERTOIRES : 9,698
COMPTE ACTUEL DE FICHIERS/RÉPERTOIRES : 9,697
TEST DE COHÉRENCE D’ARCHIVE : Bon

********************************************************************************
RECORD ID:[4]
TOTAL PROCESS RUNTIME: 49.64 sec.
PEAK PHP MEMORY USED: 20MB
DONE PROCESSING => 20201204_marama 7 December 2020 9h25

